2019-01-29 06:14:18 Notice: Notice (8): Undefined index: adcopy_challenge in [/var/www/html/app/Model/AppModel.php, line 677]
Trace:
AppModel::_isValidCaptchaSolveMedia() - APP/Model/AppModel.php, line 677
UsersController::register() - APP/Controller/UsersController.php, line 163
ReflectionMethod::invokeArgs() - [internal], line ??
Controller::invokeAction() - CORE/Cake/Controller/Controller.php, line 485
Dispatcher::_invoke() - CORE/Cake/Routing/Dispatcher.php, line 210
Dispatcher::dispatch() - CORE/Cake/Routing/Dispatcher.php, line 185
[main] - APP/webroot/index.php, line 140

2019-01-29 06:14:18 Notice: Notice (8): Undefined index: adcopy_response in [/var/www/html/app/Model/AppModel.php, line 677]
Trace:
AppModel::_isValidCaptchaSolveMedia() - APP/Model/AppModel.php, line 677
UsersController::register() - APP/Controller/UsersController.php, line 163
ReflectionMethod::invokeArgs() - [internal], line ??
Controller::invokeAction() - CORE/Cake/Controller/Controller.php, line 485
Dispatcher::_invoke() - CORE/Cake/Routing/Dispatcher.php, line 210
Dispatcher::dispatch() - CORE/Cake/Routing/Dispatcher.php, line 185
[main] - APP/webroot/index.php, line 140

2019-01-29 06:14:36 Notice: Notice (8): Undefined index: adcopy_challenge in [/var/www/html/app/Model/AppModel.php, line 677]
Trace:
AppModel::_isValidCaptchaSolveMedia() - APP/Model/AppModel.php, line 677
UsersController::register() - APP/Controller/UsersController.php, line 163
ReflectionMethod::invokeArgs() - [internal], line ??
Controller::invokeAction() - CORE/Cake/Controller/Controller.php, line 485
Dispatcher::_invoke() - CORE/Cake/Routing/Dispatcher.php, line 210
Dispatcher::dispatch() - CORE/Cake/Routing/Dispatcher.php, line 185
[main] - APP/webroot/index.php, line 140

2019-01-29 06:14:36 Notice: Notice (8): Undefined index: adcopy_response in [/var/www/html/app/Model/AppModel.php, line 677]
Trace:
AppModel::_isValidCaptchaSolveMedia() - APP/Model/AppModel.php, line 677
UsersController::register() - APP/Controller/UsersController.php, line 163
ReflectionMethod::invokeArgs() - [internal], line ??
Controller::invokeAction() - CORE/Cake/Controller/Controller.php, line 485
Dispatcher::_invoke() - CORE/Cake/Routing/Dispatcher.php, line 210
Dispatcher::dispatch() - CORE/Cake/Routing/Dispatcher.php, line 185
[main] - APP/webroot/index.php, line 140

2019-01-29 06:15:55 Notice: Notice (8): Undefined index: adcopy_challenge in [/var/www/html/app/Model/AppModel.php, line 677]
Trace:
AppModel::_isValidCaptchaSolveMedia() - APP/Model/AppModel.php, line 677
UsersController::register() - APP/Controller/UsersController.php, line 163
ReflectionMethod::invokeArgs() - [internal], line ??
Controller::invokeAction() - CORE/Cake/Controller/Controller.php, line 485
Dispatcher::_invoke() - CORE/Cake/Routing/Dispatcher.php, line 210
Dispatcher::dispatch() - CORE/Cake/Routing/Dispatcher.php, line 185
[main] - APP/webroot/index.php, line 140

2019-01-29 06:15:55 Notice: Notice (8): Undefined index: adcopy_response in [/var/www/html/app/Model/AppModel.php, line 677]
Trace:
AppModel::_isValidCaptchaSolveMedia() - APP/Model/AppModel.php, line 677
UsersController::register() - APP/Controller/UsersController.php, line 163
ReflectionMethod::invokeArgs() - [internal], line ??
Controller::invokeAction() - CORE/Cake/Controller/Controller.php, line 485
Dispatcher::_invoke() - CORE/Cake/Routing/Dispatcher.php, line 210
Dispatcher::dispatch() - CORE/Cake/Routing/Dispatcher.php, line 185
[main] - APP/webroot/index.php, line 140

2019-01-29 06:16:18 Notice: Notice (8): Undefined index: adcopy_challenge in [/var/www/html/app/Model/AppModel.php, line 677]
Trace:
AppModel::_isValidCaptchaSolveMedia() - APP/Model/AppModel.php, line 677
UsersController::register() - APP/Controller/UsersController.php, line 163
ReflectionMethod::invokeArgs() - [internal], line ??
Controller::invokeAction() - CORE/Cake/Controller/Controller.php, line 485
Dispatcher::_invoke() - CORE/Cake/Routing/Dispatcher.php, line 210
Dispatcher::dispatch() - CORE/Cake/Routing/Dispatcher.php, line 185
[main] - APP/webroot/index.php, line 140

2019-01-29 06:16:18 Notice: Notice (8): Undefined index: adcopy_response in [/var/www/html/app/Model/AppModel.php, line 677]
Trace:
AppModel::_isValidCaptchaSolveMedia() - APP/Model/AppModel.php, line 677
UsersController::register() - APP/Controller/UsersController.php, line 163
ReflectionMethod::invokeArgs() - [internal], line ??
Controller::invokeAction() - CORE/Cake/Controller/Controller.php, line 485
Dispatcher::_invoke() - CORE/Cake/Routing/Dispatcher.php, line 210
Dispatcher::dispatch() - CORE/Cake/Routing/Dispatcher.php, line 185
[main] - APP/webroot/index.php, line 140

2019-01-29 10:48:41 Notice: Notice (8): Undefined index: adcopy_challenge in [/var/www/html/app/Model/AppModel.php, line 677]
Trace:
AppModel::_isValidCaptchaSolveMedia() - APP/Model/AppModel.php, line 677
UsersController::register() - APP/Controller/UsersController.php, line 163
ReflectionMethod::invokeArgs() - [internal], line ??
Controller::invokeAction() - CORE/Cake/Controller/Controller.php, line 485
Dispatcher::_invoke() - CORE/Cake/Routing/Dispatcher.php, line 210
Dispatcher::dispatch() - CORE/Cake/Routing/Dispatcher.php, line 185
[main] - APP/webroot/index.php, line 140

2019-01-29 10:48:41 Notice: Notice (8): Undefined index: adcopy_response in [/var/www/html/app/Model/AppModel.php, line 677]
Trace:
AppModel::_isValidCaptchaSolveMedia() - APP/Model/AppModel.php, line 677
UsersController::register() - APP/Controller/UsersController.php, line 163
ReflectionMethod::invokeArgs() - [internal], line ??
Controller::invokeAction() - CORE/Cake/Controller/Controller.php, line 485
Dispatcher::_invoke() - CORE/Cake/Routing/Dispatcher.php, line 210
Dispatcher::dispatch() - CORE/Cake/Routing/Dispatcher.php, line 185
[main] - APP/webroot/index.php, line 140

2019-01-29 11:14:20 Notice: Notice (8): Undefined index: adcopy_challenge in [/var/www/html/app/Model/AppModel.php, line 677]
Trace:
AppModel::_isValidCaptchaSolveMedia() - APP/Model/AppModel.php, line 677
UsersController::register() - APP/Controller/UsersController.php, line 163
ReflectionMethod::invokeArgs() - [internal], line ??
Controller::invokeAction() - CORE/Cake/Controller/Controller.php, line 485
Dispatcher::_invoke() - CORE/Cake/Routing/Dispatcher.php, line 210
Dispatcher::dispatch() - CORE/Cake/Routing/Dispatcher.php, line 185
[main] - APP/webroot/index.php, line 140

2019-01-29 11:14:20 Notice: Notice (8): Undefined index: adcopy_response in [/var/www/html/app/Model/AppModel.php, line 677]
Trace:
AppModel::_isValidCaptchaSolveMedia() - APP/Model/AppModel.php, line 677
UsersController::register() - APP/Controller/UsersController.php, line 163
ReflectionMethod::invokeArgs() - [internal], line ??
Controller::invokeAction() - CORE/Cake/Controller/Controller.php, line 485
Dispatcher::_invoke() - CORE/Cake/Routing/Dispatcher.php, line 210
Dispatcher::dispatch() - CORE/Cake/Routing/Dispatcher.php, line 185
[main] - APP/webroot/index.php, line 140

2019-01-29 11:59:04 Notice: Notice (8): Undefined index: adcopy_challenge in [/var/www/html/app/Model/AppModel.php, line 677]
Trace:
AppModel::_isValidCaptchaSolveMedia() - APP/Model/AppModel.php, line 677
UsersController::register() - APP/Controller/UsersController.php, line 163
ReflectionMethod::invokeArgs() - [internal], line ??
Controller::invokeAction() - CORE/Cake/Controller/Controller.php, line 485
Dispatcher::_invoke() - CORE/Cake/Routing/Dispatcher.php, line 210
Dispatcher::dispatch() - CORE/Cake/Routing/Dispatcher.php, line 185
[main] - APP/webroot/index.php, line 140

2019-01-29 11:59:04 Notice: Notice (8): Undefined index: adcopy_response in [/var/www/html/app/Model/AppModel.php, line 677]
Trace:
AppModel::_isValidCaptchaSolveMedia() - APP/Model/AppModel.php, line 677
UsersController::register() - APP/Controller/UsersController.php, line 163
ReflectionMethod::invokeArgs() - [internal], line ??
Controller::invokeAction() - CORE/Cake/Controller/Controller.php, line 485
Dispatcher::_invoke() - CORE/Cake/Routing/Dispatcher.php, line 210
Dispatcher::dispatch() - CORE/Cake/Routing/Dispatcher.php, line 185
[main] - APP/webroot/index.php, line 140

2019-01-29 11:59:47 Notice: Notice (8): Undefined index: adcopy_challenge in [/var/www/html/app/Model/AppModel.php, line 677]
Trace:
AppModel::_isValidCaptchaSolveMedia() - APP/Model/AppModel.php, line 677
UsersController::register() - APP/Controller/UsersController.php, line 163
ReflectionMethod::invokeArgs() - [internal], line ??
Controller::invokeAction() - CORE/Cake/Controller/Controller.php, line 485
Dispatcher::_invoke() - CORE/Cake/Routing/Dispatcher.php, line 210
Dispatcher::dispatch() - CORE/Cake/Routing/Dispatcher.php, line 185
[main] - APP/webroot/index.php, line 140

2019-01-29 11:59:47 Notice: Notice (8): Undefined index: adcopy_response in [/var/www/html/app/Model/AppModel.php, line 677]
Trace:
AppModel::_isValidCaptchaSolveMedia() - APP/Model/AppModel.php, line 677
UsersController::register() - APP/Controller/UsersController.php, line 163
ReflectionMethod::invokeArgs() - [internal], line ??
Controller::invokeAction() - CORE/Cake/Controller/Controller.php, line 485
Dispatcher::_invoke() - CORE/Cake/Routing/Dispatcher.php, line 210
Dispatcher::dispatch() - CORE/Cake/Routing/Dispatcher.php, line 185
[main] - APP/webroot/index.php, line 140

2019-01-29 11:59:53 Notice: Notice (8): Undefined index: adcopy_challenge in [/var/www/html/app/Model/AppModel.php, line 677]
Trace:
AppModel::_isValidCaptchaSolveMedia() - APP/Model/AppModel.php, line 677
UsersController::register() - APP/Controller/UsersController.php, line 163
ReflectionMethod::invokeArgs() - [internal], line ??
Controller::invokeAction() - CORE/Cake/Controller/Controller.php, line 485
Dispatcher::_invoke() - CORE/Cake/Routing/Dispatcher.php, line 210
Dispatcher::dispatch() - CORE/Cake/Routing/Dispatcher.php, line 185
[main] - APP/webroot/index.php, line 140

2019-01-29 11:59:53 Notice: Notice (8): Undefined index: adcopy_response in [/var/www/html/app/Model/AppModel.php, line 677]
Trace:
AppModel::_isValidCaptchaSolveMedia() - APP/Model/AppModel.php, line 677
UsersController::register() - APP/Controller/UsersController.php, line 163
ReflectionMethod::invokeArgs() - [internal], line ??
Controller::invokeAction() - CORE/Cake/Controller/Controller.php, line 485
Dispatcher::_invoke() - CORE/Cake/Routing/Dispatcher.php, line 210
Dispatcher::dispatch() - CORE/Cake/Routing/Dispatcher.php, line 185
[main] - APP/webroot/index.php, line 140

2019-01-29 11:59:53 Notice: Notice (8): Undefined index: adcopy_challenge in [/var/www/html/app/Model/AppModel.php, line 677]
Trace:
AppModel::_isValidCaptchaSolveMedia() - APP/Model/AppModel.php, line 677
UsersController::register() - APP/Controller/UsersController.php, line 163
ReflectionMethod::invokeArgs() - [internal], line ??
Controller::invokeAction() - CORE/Cake/Controller/Controller.php, line 485
Dispatcher::_invoke() - CORE/Cake/Routing/Dispatcher.php, line 210
Dispatcher::dispatch() - CORE/Cake/Routing/Dispatcher.php, line 185
[main] - APP/webroot/index.php, line 140

2019-01-29 11:59:53 Notice: Notice (8): Undefined index: adcopy_response in [/var/www/html/app/Model/AppModel.php, line 677]
Trace:
AppModel::_isValidCaptchaSolveMedia() - APP/Model/AppModel.php, line 677
UsersController::register() - APP/Controller/UsersController.php, line 163
ReflectionMethod::invokeArgs() - [internal], line ??
Controller::invokeAction() - CORE/Cake/Controller/Controller.php, line 485
Dispatcher::_invoke() - CORE/Cake/Routing/Dispatcher.php, line 210
Dispatcher::dispatch() - CORE/Cake/Routing/Dispatcher.php, line 185
[main] - APP/webroot/index.php, line 140

2019-01-29 12:26:31 Notice: Notice (8): Undefined index: adcopy_challenge in [/var/www/html/app/Model/AppModel.php, line 677]
Trace:
AppModel::_isValidCaptchaSolveMedia() - APP/Model/AppModel.php, line 677
UsersController::register() - APP/Controller/UsersController.php, line 163
ReflectionMethod::invokeArgs() - [internal], line ??
Controller::invokeAction() - CORE/Cake/Controller/Controller.php, line 485
Dispatcher::_invoke() - CORE/Cake/Routing/Dispatcher.php, line 210
Dispatcher::dispatch() - CORE/Cake/Routing/Dispatcher.php, line 185
[main] - APP/webroot/index.php, line 140

2019-01-29 12:26:31 Notice: Notice (8): Undefined index: adcopy_response in [/var/www/html/app/Model/AppModel.php, line 677]
Trace:
AppModel::_isValidCaptchaSolveMedia() - APP/Model/AppModel.php, line 677
UsersController::register() - APP/Controller/UsersController.php, line 163
ReflectionMethod::invokeArgs() - [internal], line ??
Controller::invokeAction() - CORE/Cake/Controller/Controller.php, line 485
Dispatcher::_invoke() - CORE/Cake/Routing/Dispatcher.php, line 210
Dispatcher::dispatch() - CORE/Cake/Routing/Dispatcher.php, line 185
[main] - APP/webroot/index.php, line 140

2019-01-29 12:27:59 Notice: Notice (8): Undefined index: adcopy_challenge in [/var/www/html/app/Model/AppModel.php, line 677]
Trace:
AppModel::_isValidCaptchaSolveMedia() - APP/Model/AppModel.php, line 677
UsersController::register() - APP/Controller/UsersController.php, line 163
ReflectionMethod::invokeArgs() - [internal], line ??
Controller::invokeAction() - CORE/Cake/Controller/Controller.php, line 485
Dispatcher::_invoke() - CORE/Cake/Routing/Dispatcher.php, line 210
Dispatcher::dispatch() - CORE/Cake/Routing/Dispatcher.php, line 185
[main] - APP/webroot/index.php, line 140

2019-01-29 12:27:59 Notice: Notice (8): Undefined index: adcopy_response in [/var/www/html/app/Model/AppModel.php, line 677]
Trace:
AppModel::_isValidCaptchaSolveMedia() - APP/Model/AppModel.php, line 677
UsersController::register() - APP/Controller/UsersController.php, line 163
ReflectionMethod::invokeArgs() - [internal], line ??
Controller::invokeAction() - CORE/Cake/Controller/Controller.php, line 485
Dispatcher::_invoke() - CORE/Cake/Routing/Dispatcher.php, line 210
Dispatcher::dispatch() - CORE/Cake/Routing/Dispatcher.php, line 185
[main] - APP/webroot/index.php, line 140

2019-01-29 18:02:55 Notice: Notice (8): Undefined variable: terms in [/var/www/html/app/View/Users/register.ctp, line 186]
Trace:
include - APP/View/Users/register.ctp, line 186
View::_evaluate() - CORE/Cake/View/View.php, line 1033
View::_render() - CORE/Cake/View/View.php, line 997
View::render() - CORE/Cake/View/View.php, line 479
Controller::render() - CORE/Cake/Controller/Controller.php, line 959
Dispatcher::_invoke() - CORE/Cake/Routing/Dispatcher.php, line 224
Dispatcher::dispatch() - CORE/Cake/Routing/Dispatcher.php, line 185
[main] - APP/webroot/index.php, line 140

2019-01-29 18:03:07 Notice: Notice (8): Undefined variable: terms in [/var/www/html/app/View/Users/register.ctp, line 186]
Trace:
include - APP/View/Users/register.ctp, line 186
View::_evaluate() - CORE/Cake/View/View.php, line 1033
View::_render() - CORE/Cake/View/View.php, line 997
View::render() - CORE/Cake/View/View.php, line 479
Controller::render() - CORE/Cake/Controller/Controller.php, line 959
Dispatcher::_invoke() - CORE/Cake/Routing/Dispatcher.php, line 224
Dispatcher::dispatch() - CORE/Cake/Routing/Dispatcher.php, line 185
[main] - APP/webroot/index.php, line 140

2019-01-29 18:03:21 Notice: Notice (8): Undefined variable: terms in [/var/www/html/app/View/Users/register.ctp, line 186]
Trace:
include - APP/View/Users/register.ctp, line 186
View::_evaluate() - CORE/Cake/View/View.php, line 1033
View::_render() - CORE/Cake/View/View.php, line 997
View::render() - CORE/Cake/View/View.php, line 479
Controller::render() - CORE/Cake/Controller/Controller.php, line 959
Dispatcher::_invoke() - CORE/Cake/Routing/Dispatcher.php, line 224
Dispatcher::dispatch() - CORE/Cake/Routing/Dispatcher.php, line 185
[main] - APP/webroot/index.php, line 140

2019-01-29 18:03:30 Notice: Notice (8): Undefined variable: terms in [/var/www/html/app/View/Users/register.ctp, line 186]
Trace:
include - APP/View/Users/register.ctp, line 186
View::_evaluate() - CORE/Cake/View/View.php, line 1033
View::_render() - CORE/Cake/View/View.php, line 997
View::render() - CORE/Cake/View/View.php, line 479
Controller::render() - CORE/Cake/Controller/Controller.php, line 959
Dispatcher::_invoke() - CORE/Cake/Routing/Dispatcher.php, line 224
Dispatcher::dispatch() - CORE/Cake/Routing/Dispatcher.php, line 185
[main] - APP/webroot/index.php, line 140

